<?xml version="1.0" encoding="UTF-8"?>
<testsuite xmlns:xsi="http://www.w3.org/2001/XMLSchema-instance" xsi:noNamespaceSchemaLocation="https://maven.apache.org/surefire/maven-surefire-plugin/xsd/surefire-test-report.xsd" version="3.0.2" name="br.com.jtmjinfo.CadastroCliente.CadastroClienteApplicationTests" time="12.979" tests="1" errors="0" skipped="0" failures="0">
  <properties>
[...]
</properties>
  <testcase name="contextLoads" classname="br.com.jtmjinfo.CadastroCliente.CadastroClienteApplicationTests" time="0.84">
    <system-out><![CDATA[02:08:22.531 [main] INFO org.springframework.test.context.support.AnnotationConfigContextLoaderUtils -- Could not detect default configuration classes for test class [br.com.jtmjinfo.CadastroCliente.CadastroClienteApplicationTests]: CadastroClienteApplicationTests does not declare any static, non-private, non-final, nested classes annotated with @Configuration.
02:08:22.872 [main] INFO org.springframework.boot.test.context.SpringBootTestContextBootstrapper -- Found @SpringBootConfiguration br.com.jtmjinfo.CadastroCliente.Application for test class br.com.jtmjinfo.CadastroCliente.CadastroClienteApplicationTests

  .   ____          _            __ _ _
 /\\ / ___'_ __ _ _(_)_ __  __ _ \ \ \ \
( ( )\___ | '_ | '_| | '_ \/ _` | \ \ \ \
 \\/  ___)| |_)| | | | | || (_| |  ) ) ) )
  '  |____| .__|_| |_|_| |_\__, | / / / /
 =========|_|==============|___/=/_/_/_/

 :: Spring Boot ::                (v4.0.2)

2026-03-10T02:08:24.452Z  INFO 2498 --- [CadastroCliente] [           main] b.c.j.C.CadastroClienteApplicationTests  : Starting CadastroClienteApplicationTests using Java 21.0.10 with PID 2498 (started by vscode in /workspaces/CadastroCliente)
2026-03-10T02:08:24.454Z  INFO 2498 --- [CadastroCliente] [           main] b.c.j.C.CadastroClienteApplicationTests  : No active profile set, falling back to 1 default profile: "default"
2026-03-10T02:08:26.489Z  INFO 2498 --- [CadastroCliente] [           main] .s.d.r.c.RepositoryConfigurationDelegate : Bootstrapping Spring Data JPA repositories in DEFAULT mode.
2026-03-10T02:08:26.657Z  INFO 2498 --- [CadastroCliente] [           main] .s.d.r.c.RepositoryConfigurationDelegate : Finished Spring Data repository scanning in 134 ms. Found 2 JPA repository interfaces.
2026-03-10T02:08:27.001Z  INFO 2498 --- [CadastroCliente] [           main] o.s.cloud.context.scope.GenericScope     : BeanFactory id=51741fdf-31a8-3239-88bf-fa27d36c0b77
2026-03-10T02:08:27.760Z  INFO 2498 --- [CadastroCliente] [           main] org.hibernate.orm.jpa                    : HHH008540: Processing PersistenceUnitInfo [name: default]
2026-03-10T02:08:27.971Z  INFO 2498 --- [CadastroCliente] [           main] org.hibernate.orm.core                   : HHH000001: Hibernate ORM core version 7.2.1.Final
2026-03-10T02:08:29.236Z  INFO 2498 --- [CadastroCliente] [           main] o.s.o.j.p.SpringPersistenceUnitInfo      : No LoadTimeWeaver setup: ignoring JPA class transformer
2026-03-10T02:08:29.325Z  INFO 2498 --- [CadastroCliente] [           main] com.zaxxer.hikari.HikariDataSource       : HikariPool-1 - Starting...
2026-03-10T02:08:29.532Z  INFO 2498 --- [CadastroCliente] [           main] com.zaxxer.hikari.pool.HikariPool        : HikariPool-1 - Added connection org.postgresql.jdbc.PgConnection@79135a38
2026-03-10T02:08:29.536Z  INFO 2498 --- [CadastroCliente] [           main] com.zaxxer.hikari.HikariDataSource       : HikariPool-1 - Start completed.
2026-03-10T02:08:29.621Z  WARN 2498 --- [CadastroCliente] [           main] org.hibernate.orm.deprecation            : HHH90000025: PostgreSQLDialect does not need to be specified explicitly using 'hibernate.dialect' (remove the property setting and it will be selected by default)
2026-03-10T02:08:29.689Z  INFO 2498 --- [CadastroCliente] [           main] org.hibernate.orm.connections.pooling    : HHH10001005: Database info:
	Database JDBC URL [jdbc:postgresql://localhost:5432/postgres]
	Database driver: PostgreSQL JDBC Driver
	Database dialect: PostgreSQLDialect
	Database version: 18.2
	Default catalog/schema: postgres/public
	Autocommit mode: undefined/unknown
	Isolation level: READ_COMMITTED [default READ_COMMITTED]
	JDBC fetch size: none
	Pool: DataSourceConnectionProvider
	Minimum pool size: undefined/unknown
	Maximum pool size: undefined/unknown
2026-03-10T02:08:31.597Z  INFO 2498 --- [CadastroCliente] [           main] org.hibernate.orm.core                   : HHH000489: No JTA platform available (set 'hibernate.transaction.jta.platform' to enable JTA platform integration)
Hibernate: create table cliente (id bigint generated by default as identity, nome varchar(255), endereco_id bigint, primary key (id))
Hibernate: create table endereco (id bigint generated by default as identity, bairro varchar(255), cep varchar(255), complemento varchar(255), localidade varchar(255), logradouro varchar(255), numero varchar(255), uf varchar(255), primary key (id))
Hibernate: alter table if exists cliente add constraint FK64nr9yt889by5lufr1boo5i4s foreign key (endereco_id) references endereco
2026-03-10T02:08:31.951Z  INFO 2498 --- [CadastroCliente] [           main] j.LocalContainerEntityManagerFactoryBean : Initialized JPA EntityManagerFactory for persistence unit 'default'
2026-03-10T02:08:32.255Z  INFO 2498 --- [CadastroCliente] [           main] o.s.d.j.r.query.QueryEnhancerFactories   : Hibernate is in classpath; If applicable, HQL parser will be used.
2026-03-10T02:08:32.729Z  WARN 2498 --- [CadastroCliente] [           main] JpaBaseConfiguration$JpaWebConfiguration : spring.jpa.open-in-view is enabled by default. Therefore, database queries may be performed during view rendering. Explicitly configure spring.jpa.open-in-view to disable this warning
2026-03-10T02:08:34.094Z  INFO 2498 --- [CadastroCliente] [           main] b.c.j.C.CadastroClienteApplicationTests  : Started CadastroClienteApplicationTests in 10.339 seconds (process running for 13.756)
]]></system-out>
    <system-err><![CDATA[Mockito is currently self-attaching to enable the inline-mock-maker. This will no longer work in future releases of the JDK. Please add Mockito as an agent to your build as described in Mockito's documentation: https://javadoc.io/doc/org.mockito/mockito-core/latest/org.mockito/org/mockito/Mockito.html#0.3
WARNING: A Java agent has been loaded dynamically (/home/vscode/.m2/repository/net/bytebuddy/byte-buddy-agent/1.17.8/byte-buddy-agent-1.17.8.jar)
WARNING: If a serviceability tool is in use, please run with -XX:+EnableDynamicAgentLoading to hide this warning
WARNING: If a serviceability tool is not in use, please run with -Djdk.instrument.traceUsage for more information
WARNING: Dynamic loading of agents will be disallowed by default in a future release
]]></system-err>
  </testcase>
</testsuite>